<?xml version="1.0" encoding="UTF-8"?>
<!-- Generated by org.testng.reporters.JUnitReportReporter -->
<testsuite hostname="KGNLP" failures="0" tests="2" name="com.salesforce.runner.Runner" time="31.693" errors="0" timestamp="2022-06-11T18:18:41 CDT" skipped="0">
  <testcase classname="com.salesforce.runner.Runner" name="runScenario" time="15.609"/>
  <system-out/>
  <testcase classname="com.salesforce.runner.Runner" name="runScenario" time="16.084"/>
  <system-out/>
</testsuite> <!-- com.salesforce.runner.Runner -->
